    90.1ms (setup:858): 2026-03-23 20:06:06
    90.2ms (setup:859): /usr/bin/pipx install cs50
    90.3ms (setup:860): pipx version is 1.4.3
    90.3ms (setup:861): Default python interpreter is '/usr/bin/python3'
    90.9ms (package_name_from_spec:370): Determined package name: cs50
    91.0ms (package_name_from_spec:371): Package name determined in 0.0s
    91.5ms (run_subprocess:168): running /usr/bin/python3 -m venv --without-pip /home/dmin/.local/share/pipx/venvs/cs50
   134.5ms (run_subprocess:190): stdout:
   134.5ms (run_subprocess:192): stderr:
   134.6ms (run_subprocess:193): returncode: 0
   134.8ms (run_subprocess:168): running <checking pip's availability>
   151.1ms (run_subprocess:190): stdout: ModuleSpec(name='pip', loader=<_frozen_importlib_external.SourceFileLoader object at 0x705b8e7ff320>, origin='/home/dmin/.local/share/pipx/shared/lib/python3.12/site-packages/pip/__init__.py', submodule_search_locations=['/home/dmin/.local/share/pipx/shared/lib/python3.12/site-packages/pip'])
   151.1ms (run_subprocess:193): returncode: 0
   151.3ms (run_subprocess:168): running /home/dmin/.local/share/pipx/venvs/cs50/bin/python -c import sysconfig; print(sysconfig.get_path('purelib'))
   167.6ms (run_subprocess:190): stdout: /home/dmin/.local/share/pipx/venvs/cs50/lib/python3.12/site-packages
   167.7ms (run_subprocess:193): returncode: 0
   167.8ms (run_subprocess:168): running /home/dmin/.local/share/pipx/shared/bin/python -c import sysconfig; print(sysconfig.get_path('purelib'))
   184.0ms (run_subprocess:190): stdout: /home/dmin/.local/share/pipx/shared/lib/python3.12/site-packages
   184.1ms (run_subprocess:193): returncode: 0
   184.3ms (run_subprocess:168): running /home/dmin/.local/share/pipx/venvs/cs50/bin/python --version
   185.7ms (run_subprocess:190): stdout: Python 3.12.3
   185.7ms (run_subprocess:192): stderr:
   185.7ms (run_subprocess:193): returncode: 0
   186.0ms (_parsed_package_to_package_or_url:137): cleaned package spec: cs50
   186.5ms (run_subprocess:168): running /home/dmin/.local/share/pipx/venvs/cs50/bin/python -m pip --no-input install cs50
 32929.8ms (run_subprocess:193): returncode: 0
 32932.6ms (run_subprocess:168): running <fetch_info_in_venv commands>
 33001.2ms (run_subprocess:190): stdout: {"sys_path": ["/usr/lib/python312.zip", "/usr/lib/python3.12", "/usr/lib/python3.12/lib-dynload", "/home/dmin/.local/share/pipx/venvs/cs50/lib/python3.12/site-packages", "/home/dmin/.local/share/pipx/shared/lib/python3.12/site-packages"], "python_version": "3.12.3", "environment": {"implementation_name": "cpython", "implementation_version": "3.12.3", "os_name": "posix", "platform_machine": "x86_64", "platform_release": "6.6.87.2-microsoft-standard-WSL2", "platform_system": "Linux", "platform_version": "#1 SMP PREEMPT_DYNAMIC Thu Jun  5 18:30:46 UTC 2025", "python_full_version": "3.12.3", "platform_python_implementation": "CPython", "python_version": "3.12", "sys_platform": "linux"}}
 33001.3ms (run_subprocess:193): returncode: 0
 33063.5ms (get_venv_metadata_for_package:339): get_venv_metadata_for_package: 131ms
 33063.6ms (_parsed_package_to_package_or_url:137): cleaned package spec: cs50
 33064.4ms (rmdir:55): removing directory /home/dmin/.local/share/pipx/venvs/cs50
 33099.1ms (cli:924): PipxError: No apps associated with package cs50. Try again with '--include-deps' to include apps of dependent packages, which are listed above. If you are attempting to install a library, pipx should not be used.
Consider using pip or a similar tool instead.
Traceback (most recent call last):
  File "/usr/lib/python3/dist-packages/pipx/main.py", line 921, in cli
    return run_pipx_command(parsed_pipx_args)
           ^^^^^^^^^^^^^^^^^^^^^^^^^^^^^^^^^^
  File "/usr/lib/python3/dist-packages/pipx/main.py", line 219, in run_pipx_command
    return commands.install(
           ^^^^^^^^^^^^^^^^^
  File "/usr/lib/python3/dist-packages/pipx/commands/install.py", line 100, in install
    run_post_install_actions(
  File "/usr/lib/python3/dist-packages/pipx/commands/common.py", line 427, in run_post_install_actions
    raise PipxError(
pipx.util.PipxError: No apps associated with package cs50. Try again with '--include-deps' to include apps of dependent packages, which are listed above. If you are attempting to install a library, pipx should not be used.
Consider using pip or a similar tool instead.
 33103.6ms (cli:932): pipx finished.
