    87.3ms (setup:858): 2026-03-25 18:32:41
    87.4ms (setup:859): /usr/bin/pipx install style50
    87.4ms (setup:860): pipx version is 1.4.3
    87.4ms (setup:861): Default python interpreter is '/usr/bin/python3'
    88.1ms (package_name_from_spec:370): Determined package name: style50
    88.1ms (package_name_from_spec:371): Package name determined in 0.0s
    88.6ms (run_subprocess:168): running /usr/bin/python3 -m venv --without-pip /home/dmin/.local/share/pipx/venvs/style50
   216.1ms (run_subprocess:190): stdout:
   216.2ms (run_subprocess:192): stderr:
   216.2ms (run_subprocess:193): returncode: 0
   216.4ms (run_subprocess:168): running <checking pip's availability>
   233.4ms (run_subprocess:190): stdout: ModuleSpec(name='pip', loader=<_frozen_importlib_external.SourceFileLoader object at 0x715e737ff260>, origin='/home/dmin/.local/share/pipx/shared/lib/python3.12/site-packages/pip/__init__.py', submodule_search_locations=['/home/dmin/.local/share/pipx/shared/lib/python3.12/site-packages/pip'])
   233.4ms (run_subprocess:193): returncode: 0
   233.5ms (run_subprocess:168): running /home/dmin/.local/share/pipx/venvs/style50/bin/python -c import sysconfig; print(sysconfig.get_path('purelib'))
   248.9ms (run_subprocess:190): stdout: /home/dmin/.local/share/pipx/venvs/style50/lib/python3.12/site-packages
   248.9ms (run_subprocess:193): returncode: 0
   249.0ms (run_subprocess:168): running /home/dmin/.local/share/pipx/shared/bin/python -c import sysconfig; print(sysconfig.get_path('purelib'))
   264.2ms (run_subprocess:190): stdout: /home/dmin/.local/share/pipx/shared/lib/python3.12/site-packages
   264.3ms (run_subprocess:193): returncode: 0
   264.5ms (run_subprocess:168): running /home/dmin/.local/share/pipx/venvs/style50/bin/python --version
   265.8ms (run_subprocess:190): stdout: Python 3.12.3
   265.8ms (run_subprocess:192): stderr:
   265.8ms (run_subprocess:193): returncode: 0
   266.0ms (_parsed_package_to_package_or_url:137): cleaned package spec: style50
   266.3ms (run_subprocess:168): running /home/dmin/.local/share/pipx/venvs/style50/bin/python -m pip --no-input install style50
  4904.6ms (run_subprocess:193): returncode: 0
  4905.0ms (run_subprocess:168): running <fetch_info_in_venv commands>
  4924.4ms (run_subprocess:190): stdout: {"sys_path": ["/usr/lib/python312.zip", "/usr/lib/python3.12", "/usr/lib/python3.12/lib-dynload", "/home/dmin/.local/share/pipx/venvs/style50/lib/python3.12/site-packages", "/home/dmin/.local/share/pipx/shared/lib/python3.12/site-packages"], "python_version": "3.12.3", "environment": {"implementation_name": "cpython", "implementation_version": "3.12.3", "os_name": "posix", "platform_machine": "x86_64", "platform_release": "6.6.87.2-microsoft-standard-WSL2", "platform_system": "Linux", "platform_version": "#1 SMP PREEMPT_DYNAMIC Thu Jun  5 18:30:46 UTC 2025", "python_full_version": "3.12.3", "platform_python_implementation": "CPython", "python_version": "3.12", "sys_platform": "linux"}}
  4924.5ms (run_subprocess:193): returncode: 0
  4961.3ms (get_venv_metadata_for_package:339): get_venv_metadata_for_package: 56ms
  4961.4ms (_parsed_package_to_package_or_url:137): cleaned package spec: style50
  5073.0ms (run_subprocess:168): running <checking pip's availability>
  5088.6ms (run_subprocess:190): stdout: ModuleSpec(name='pip', loader=<_frozen_importlib_external.SourceFileLoader object at 0x7d6966d03320>, origin='/home/dmin/.local/share/pipx/shared/lib/python3.12/site-packages/pip/__init__.py', submodule_search_locations=['/home/dmin/.local/share/pipx/shared/lib/python3.12/site-packages/pip'])
  5088.7ms (run_subprocess:193): returncode: 0
  5088.8ms (needs_upgrade:78): Time since last upgrade of shared libs, in seconds: 347223. Upgrade will be run by pipx if greater than 2592000.
  5088.8ms (run_subprocess:168): running <checking pip's availability>
  5104.5ms (run_subprocess:190): stdout: ModuleSpec(name='pip', loader=<_frozen_importlib_external.SourceFileLoader object at 0x78b3ff5b3320>, origin='/home/dmin/.local/share/pipx/shared/lib/python3.12/site-packages/pip/__init__.py', submodule_search_locations=['/home/dmin/.local/share/pipx/shared/lib/python3.12/site-packages/pip'])
  5104.6ms (run_subprocess:193): returncode: 0
  5105.5ms (cli:932): pipx finished.
