   220.8ms (setup:858): 2026-03-23 20:08:43
   221.6ms (setup:859): /usr/bin/pipx install debug50
   221.6ms (setup:860): pipx version is 1.4.3
   221.7ms (setup:861): Default python interpreter is '/usr/bin/python3'
   222.4ms (package_name_from_spec:370): Determined package name: debug50
   222.5ms (package_name_from_spec:371): Package name determined in 0.0s
   223.0ms (run_subprocess:168): running /usr/bin/python3 -m venv --without-pip /home/dmin/.local/share/pipx/venvs/debug50
   279.1ms (run_subprocess:190): stdout:
   279.1ms (run_subprocess:192): stderr:
   279.1ms (run_subprocess:193): returncode: 0
   279.4ms (run_subprocess:168): running <checking pip's availability>
   296.7ms (run_subprocess:190): stdout: ModuleSpec(name='pip', loader=<_frozen_importlib_external.SourceFileLoader object at 0x7328a51fff80>, origin='/home/dmin/.local/share/pipx/shared/lib/python3.12/site-packages/pip/__init__.py', submodule_search_locations=['/home/dmin/.local/share/pipx/shared/lib/python3.12/site-packages/pip'])
   296.8ms (run_subprocess:193): returncode: 0
   296.9ms (run_subprocess:168): running /home/dmin/.local/share/pipx/venvs/debug50/bin/python -c import sysconfig; print(sysconfig.get_path('purelib'))
   315.7ms (run_subprocess:190): stdout: /home/dmin/.local/share/pipx/venvs/debug50/lib/python3.12/site-packages
   315.8ms (run_subprocess:193): returncode: 0
   315.9ms (run_subprocess:168): running /home/dmin/.local/share/pipx/shared/bin/python -c import sysconfig; print(sysconfig.get_path('purelib'))
   333.1ms (run_subprocess:190): stdout: /home/dmin/.local/share/pipx/shared/lib/python3.12/site-packages
   333.2ms (run_subprocess:193): returncode: 0
   333.4ms (run_subprocess:168): running /home/dmin/.local/share/pipx/venvs/debug50/bin/python --version
   334.8ms (run_subprocess:190): stdout: Python 3.12.3
   334.8ms (run_subprocess:192): stderr:
   334.9ms (run_subprocess:193): returncode: 0
   335.0ms (_parsed_package_to_package_or_url:137): cleaned package spec: debug50
   335.3ms (run_subprocess:168): running /home/dmin/.local/share/pipx/venvs/debug50/bin/python -m pip --no-input install debug50
  1783.8ms (run_subprocess:193): returncode: 1
  1784.0ms (subprocess_post_check_handle_pip_error:327): '/home/dmin/.local/share/pipx/venvs/debug50/bin/python -m pip --no-input install debug50' failed
  1784.2ms (subprocess_post_check_handle_pip_error:342): Fatal error from pip prevented installation. Full pip output in file:
    /home/dmin/.local/state/pipx/log/cmd_2026-03-23_20.08.43_pip_errors.log
  1785.3ms (rmdir:55): removing directory /home/dmin/.local/share/pipx/venvs/debug50
  1785.9ms (cli:924): PipxError: Error installing debug50.
Traceback (most recent call last):
  File "/usr/lib/python3/dist-packages/pipx/main.py", line 921, in cli
    return run_pipx_command(parsed_pipx_args)
           ^^^^^^^^^^^^^^^^^^^^^^^^^^^^^^^^^^
  File "/usr/lib/python3/dist-packages/pipx/main.py", line 219, in run_pipx_command
    return commands.install(
           ^^^^^^^^^^^^^^^^^
  File "/usr/lib/python3/dist-packages/pipx/commands/install.py", line 91, in install
    venv.install_package(
  File "/usr/lib/python3/dist-packages/pipx/venv.py", line 254, in install_package
    raise PipxError(f"Error installing {full_package_description(package_name, package_or_url)}.")
pipx.util.PipxError: Error installing debug50.
  1789.1ms (cli:932): pipx finished.
