   167.3ms (setup:858): 2026-03-23 20:04:50
   168.0ms (setup:859): /usr/bin/pipx install debuggy
   168.1ms (setup:860): pipx version is 1.4.3
   168.1ms (setup:861): Default python interpreter is '/usr/bin/python3'
   168.8ms (package_name_from_spec:370): Determined package name: debuggy
   168.9ms (package_name_from_spec:371): Package name determined in 0.0s
   169.3ms (run_subprocess:168): running /usr/bin/python3 -m venv --without-pip /home/dmin/.local/share/pipx/venvs/debuggy
   220.7ms (run_subprocess:190): stdout:
   220.8ms (run_subprocess:192): stderr:
   220.8ms (run_subprocess:193): returncode: 0
   221.1ms (run_subprocess:168): running <checking pip's availability>
   238.8ms (run_subprocess:190): stdout: ModuleSpec(name='pip', loader=<_frozen_importlib_external.SourceFileLoader object at 0x72c3be9ffef0>, origin='/home/dmin/.local/share/pipx/shared/lib/python3.12/site-packages/pip/__init__.py', submodule_search_locations=['/home/dmin/.local/share/pipx/shared/lib/python3.12/site-packages/pip'])
   238.9ms (run_subprocess:193): returncode: 0
   239.0ms (run_subprocess:168): running /home/dmin/.local/share/pipx/venvs/debuggy/bin/python -c import sysconfig; print(sysconfig.get_path('purelib'))
   255.3ms (run_subprocess:190): stdout: /home/dmin/.local/share/pipx/venvs/debuggy/lib/python3.12/site-packages
   255.4ms (run_subprocess:193): returncode: 0
   255.5ms (run_subprocess:168): running /home/dmin/.local/share/pipx/shared/bin/python -c import sysconfig; print(sysconfig.get_path('purelib'))
   271.3ms (run_subprocess:190): stdout: /home/dmin/.local/share/pipx/shared/lib/python3.12/site-packages
   271.4ms (run_subprocess:193): returncode: 0
   271.6ms (run_subprocess:168): running /home/dmin/.local/share/pipx/venvs/debuggy/bin/python --version
   272.9ms (run_subprocess:190): stdout: Python 3.12.3
   272.9ms (run_subprocess:192): stderr:
   273.0ms (run_subprocess:193): returncode: 0
   273.1ms (_parsed_package_to_package_or_url:137): cleaned package spec: debuggy
   273.4ms (run_subprocess:168): running /home/dmin/.local/share/pipx/venvs/debuggy/bin/python -m pip --no-input install debuggy
 31564.9ms (run_subprocess:193): returncode: 0
 31565.2ms (run_subprocess:168): running <fetch_info_in_venv commands>
 31584.8ms (run_subprocess:190): stdout: {"sys_path": ["/usr/lib/python312.zip", "/usr/lib/python3.12", "/usr/lib/python3.12/lib-dynload", "/home/dmin/.local/share/pipx/venvs/debuggy/lib/python3.12/site-packages", "/home/dmin/.local/share/pipx/shared/lib/python3.12/site-packages"], "python_version": "3.12.3", "environment": {"implementation_name": "cpython", "implementation_version": "3.12.3", "os_name": "posix", "platform_machine": "x86_64", "platform_release": "6.6.87.2-microsoft-standard-WSL2", "platform_system": "Linux", "platform_version": "#1 SMP PREEMPT_DYNAMIC Thu Jun  5 18:30:46 UTC 2025", "python_full_version": "3.12.3", "platform_python_implementation": "CPython", "python_version": "3.12", "sys_platform": "linux"}}
 31584.9ms (run_subprocess:193): returncode: 0
 31651.7ms (get_venv_metadata_for_package:339): get_venv_metadata_for_package: 87ms
 31651.8ms (_parsed_package_to_package_or_url:137): cleaned package spec: debuggy
 31794.2ms (run_subprocess:168): running <checking pip's availability>
 31809.2ms (run_subprocess:190): stdout: ModuleSpec(name='pip', loader=<_frozen_importlib_external.SourceFileLoader object at 0x743d519ffef0>, origin='/home/dmin/.local/share/pipx/shared/lib/python3.12/site-packages/pip/__init__.py', submodule_search_locations=['/home/dmin/.local/share/pipx/shared/lib/python3.12/site-packages/pip'])
 31809.2ms (run_subprocess:193): returncode: 0
 31809.3ms (needs_upgrade:78): Time since last upgrade of shared libs, in seconds: 179979. Upgrade will be run by pipx if greater than 2592000.
 31809.4ms (run_subprocess:168): running <checking pip's availability>
 31824.6ms (run_subprocess:190): stdout: ModuleSpec(name='pip', loader=<_frozen_importlib_external.SourceFileLoader object at 0x79b688303f20>, origin='/home/dmin/.local/share/pipx/shared/lib/python3.12/site-packages/pip/__init__.py', submodule_search_locations=['/home/dmin/.local/share/pipx/shared/lib/python3.12/site-packages/pip'])
 31824.7ms (run_subprocess:193): returncode: 0
 31829.1ms (cli:932): pipx finished.
